# JRE version: OpenJDK Runtime Environment Temurin-21.0.5+11 (21.0.5+11) (build 21.0.5+11-LTS)
# Java VM: OpenJDK 64-Bit Server VM Temurin-21.0.5+11 (21.0.5+11-LTS, mixed mode, sharing, tiered, compressed oops, compressed class ptrs, parallel gc, windows-amd64)
GC Precious Log:
 CardTable entry size: 512
 CPUs: 12 total, 12 available
 Memory: 16052M
 Large Page Support: Disabled
 NUMA Support: Disabled
 Compressed Oops: Enabled (32-bit)
 Alignments: Space 512K, Generation 512K, Heap 2M
 Heap Min Capacity: 100M
 Heap Initial Capacity: 100M
 Heap Max Capacity: 1G
 Pre-touch: Disabled
 Parallel Workers: 10
Heap:
 PSYoungGen      total 4096K, used 3596K [0x00000000eab00000, 0x00000000eb000000, 0x0000000100000000)
  eden space 3072K, 100% used [0x00000000eab00000,0x00000000eae00000,0x00000000eae00000)
  from space 1024K, 51% used [0x00000000eae00000,0x00000000eae83008,0x00000000eaf00000)
  to   space 1024K, 56% used [0x00000000eaf00000,0x00000000eaf90000,0x00000000eb000000)
 ParOldGen       total 461824K, used 461626K [0x00000000c0000000, 0x00000000dc300000, 0x00000000eab00000)
  object space 461824K, 99% used [0x00000000c0000000,0x00000000dc2ce940,0x00000000dc300000)
 Metaspace       used 61640K, committed 63040K, reserved 1114112K
  class space    used 6372K, committed 6976K, reserved 1048576K
GC Heap History (20 events):
Event: 35.868 GC heap after
{Heap after GC invocations=612 (full 3):
 PSYoungGen      total 2560K, used 507K [0x00000000eab00000, 0x00000000eaf00000, 0x0000000100000000)
  eden space 2048K, 0% used [0x00000000eab00000,0x00000000eab00000,0x00000000ead00000)
  from space 512K, 99% used [0x00000000eae00000,0x00000000eae7ec08,0x00000000eae80000)
  to   space 512K, 0% used [0x00000000eae80000,0x00000000eae80000,0x00000000eaf00000)
 ParOldGen       total 459264K, used 458765K [0x00000000c0000000, 0x00000000dc080000, 0x00000000eab00000)
  object space 459264K, 99% used [0x00000000c0000000,0x00000000dc003528,0x00000000dc080000)
 Metaspace       used 61640K, committed 63040K, reserved 1114112K
  class space    used 6372K, committed 6976K, reserved 1048576K
}
Event: 35.880 GC heap before
{Heap before GC invocations=613 (full 3):
 PSYoungGen      total 2560K, used 2555K [0x00000000eab00000, 0x00000000eaf00000, 0x0000000100000000)
  eden space 2048K, 100% used [0x00000000eab00000,0x00000000ead00000,0x00000000ead00000)
  from space 512K, 99% used [0x00000000eae00000,0x00000000eae7ec08,0x00000000eae80000)
  to   space 512K, 0% used [0x00000000eae80000,0x00000000eae80000,0x00000000eaf00000)
 ParOldGen       total 459264K, used 458765K [0x00000000c0000000, 0x00000000dc080000, 0x00000000eab00000)
  object space 459264K, 99% used [0x00000000c0000000,0x00000000dc003528,0x00000000dc080000)
 Metaspace       used 61640K, committed 63040K, reserved 1114112K
  class space    used 6372K, committed 6976K, reserved 1048576K
}
Event: 35.882 GC heap after
{Heap after GC invocations=613 (full 3):
 PSYoungGen      total 2560K, used 320K [0x00000000eab00000, 0x00000000eaf00000, 0x0000000100000000)
  eden space 2048K, 0% used [0x00000000eab00000,0x00000000eab00000,0x00000000ead00000)
  from space 512K, 62% used [0x00000000eae80000,0x00000000eaed0000,0x00000000eaf00000)
  to   space 512K, 0% used [0x00000000eae00000,0x00000000eae00000,0x00000000eae80000)
 ParOldGen       total 459264K, used 459056K [0x00000000c0000000, 0x00000000dc080000, 0x00000000eab00000)
  object space 459264K, 99% used [0x00000000c0000000,0x00000000dc04c130,0x00000000dc080000)
 Metaspace       used 61640K, committed 63040K, reserved 1114112K
  class space    used 6372K, committed 6976K, reserved 1048576K
}
Event: 35.893 GC heap before
{Heap before GC invocations=614 (full 3):
 PSYoungGen      total 2560K, used 2368K [0x00000000eab00000, 0x00000000eaf00000, 0x0000000100000000)
  eden space 2048K, 100% used [0x00000000eab00000,0x00000000ead00000,0x00000000ead00000)
  from space 512K, 62% used [0x00000000eae80000,0x00000000eaed0000,0x00000000eaf00000)
  to   space 512K, 0% used [0x00000000eae00000,0x00000000eae00000,0x00000000eae80000)
 ParOldGen       total 459264K, used 459056K [0x00000000c0000000, 0x00000000dc080000, 0x00000000eab00000)
  object space 459264K, 99% used [0x00000000c0000000,0x00000000dc04c130,0x00000000dc080000)
 Metaspace       used 61640K, committed 63040K, reserved 1114112K
  class space    used 6372K, committed 6976K, reserved 1048576K
}
Event: 35.897 GC heap after
{Heap after GC invocations=614 (full 3):
 PSYoungGen      total 2560K, used 320K [0x00000000eab00000, 0x00000000eaf00000, 0x0000000100000000)
  eden space 2048K, 0% used [0x00000000eab00000,0x00000000eab00000,0x00000000ead00000)
  from space 512K, 62% used [0x00000000eae00000,0x00000000eae50000,0x00000000eae80000)
  to   space 512K, 0% used [0x00000000eae80000,0x00000000eae80000,0x00000000eaf00000)
 ParOldGen       total 459776K, used 459328K [0x00000000c0000000, 0x00000000dc100000, 0x00000000eab00000)
  object space 459776K, 99% used [0x00000000c0000000,0x00000000dc090130,0x00000000dc100000)
 Metaspace       used 61640K, committed 63040K, reserved 1114112K
  class space    used 6372K, committed 6976K, reserved 1048576K
}
Event: 35.907 GC heap before
{Heap before GC invocations=615 (full 3):
 PSYoungGen      total 2560K, used 2368K [0x00000000eab00000, 0x00000000eaf00000, 0x0000000100000000)
  eden space 2048K, 100% used [0x00000000eab00000,0x00000000ead00000,0x00000000ead00000)
  from space 512K, 62% used [0x00000000eae00000,0x00000000eae50000,0x00000000eae80000)
  to   space 512K, 0% used [0x00000000eae80000,0x00000000eae80000,0x00000000eaf00000)
 ParOldGen       total 459776K, used 459328K [0x00000000c0000000, 0x00000000dc100000, 0x00000000eab00000)
  object space 459776K, 99% used [0x00000000c0000000,0x00000000dc090130,0x00000000dc100000)
 Metaspace       used 61640K, committed 63040K, reserved 1114112K
  class space    used 6372K, committed 6976K, reserved 1048576K
}
Event: 35.910 GC heap after
{Heap after GC invocations=615 (full 3):
 PSYoungGen      total 2560K, used 406K [0x00000000eab00000, 0x00000000eaf00000, 0x0000000100000000)
  eden space 2048K, 0% used [0x00000000eab00000,0x00000000eab00000,0x00000000ead00000)
  from space 512K, 79% used [0x00000000eae80000,0x00000000eaee5808,0x00000000eaf00000)
  to   space 512K, 0% used [0x00000000eae00000,0x00000000eae00000,0x00000000eae80000)
 ParOldGen       total 459776K, used 459576K [0x00000000c0000000, 0x00000000dc100000, 0x00000000eab00000)
  object space 459776K, 99% used [0x00000000c0000000,0x00000000dc0ce130,0x00000000dc100000)
 Metaspace       used 61640K, committed 63040K, reserved 1114112K
  class space    used 6372K, committed 6976K, reserved 1048576K
}
Event: 35.921 GC heap before
{Heap before GC invocations=616 (full 3):
 PSYoungGen      total 2560K, used 2454K [0x00000000eab00000, 0x00000000eaf00000, 0x0000000100000000)
  eden space 2048K, 100% used [0x00000000eab00000,0x00000000ead00000,0x00000000ead00000)
  from space 512K, 79% used [0x00000000eae80000,0x00000000eaee5808,0x00000000eaf00000)
  to   space 512K, 0% used [0x00000000eae00000,0x00000000eae00000,0x00000000eae80000)
 ParOldGen       total 459776K, used 459576K [0x00000000c0000000, 0x00000000dc100000, 0x00000000eab00000)
  object space 459776K, 99% used [0x00000000c0000000,0x00000000dc0ce130,0x00000000dc100000)
 Metaspace       used 61640K, committed 63040K, reserved 1114112K
  class space    used 6372K, committed 6976K, reserved 1048576K
}
Event: 35.925 GC heap after
{Heap after GC invocations=616 (full 3):
 PSYoungGen      total 3072K, used 352K [0x00000000eab00000, 0x00000000eaf00000, 0x0000000100000000)
  eden space 2560K, 0% used [0x00000000eab00000,0x00000000eab00000,0x00000000ead80000)
  from space 512K, 68% used [0x00000000eae00000,0x00000000eae58000,0x00000000eae80000)
  to   space 512K, 0% used [0x00000000eae80000,0x00000000eae80000,0x00000000eaf00000)
 ParOldGen       total 460288K, used 459894K [0x00000000c0000000, 0x00000000dc180000, 0x00000000eab00000)
  object space 460288K, 99% used [0x00000000c0000000,0x00000000dc11d938,0x00000000dc180000)
 Metaspace       used 61640K, committed 63040K, reserved 1114112K
  class space    used 6372K, committed 6976K, reserved 1048576K
}
Event: 35.938 GC heap before
{Heap before GC invocations=617 (full 3):
 PSYoungGen      total 3072K, used 2912K [0x00000000eab00000, 0x00000000eaf00000, 0x0000000100000000)
  eden space 2560K, 100% used [0x00000000eab00000,0x00000000ead80000,0x00000000ead80000)
  from space 512K, 68% used [0x00000000eae00000,0x00000000eae58000,0x00000000eae80000)
  to   space 512K, 0% used [0x00000000eae80000,0x00000000eae80000,0x00000000eaf00000)
 ParOldGen       total 460288K, used 459894K [0x00000000c0000000, 0x00000000dc180000, 0x00000000eab00000)
  object space 460288K, 99% used [0x00000000c0000000,0x00000000dc11d938,0x00000000dc180000)
 Metaspace       used 61640K, committed 63040K, reserved 1114112K
  class space    used 6372K, committed 6976K, reserved 1048576K
}
Event: 35.941 GC heap after
{Heap after GC invocations=617 (full 3):
 PSYoungGen      total 3584K, used 448K [0x00000000eab00000, 0x00000000eaf00000, 0x0000000100000000)
  eden space 3072K, 0% used [0x00000000eab00000,0x00000000eab00000,0x00000000eae00000)
  from space 512K, 87% used [0x00000000eae80000,0x00000000eaef0000,0x00000000eaf00000)
  to   space 512K, 0% used [0x00000000eae00000,0x00000000eae00000,0x00000000eae80000)
 ParOldGen       total 460288K, used 460198K [0x00000000c0000000, 0x00000000dc180000, 0x00000000eab00000)
  object space 460288K, 99% used [0x00000000c0000000,0x00000000dc169938,0x00000000dc180000)
 Metaspace       used 61640K, committed 63040K, reserved 1114112K
  class space    used 6372K, committed 6976K, reserved 1048576K
}
Event: 35.962 GC heap before
{Heap before GC invocations=618 (full 3):
 PSYoungGen      total 3584K, used 3504K [0x00000000eab00000, 0x00000000eaf00000, 0x0000000100000000)
  eden space 3072K, 99% used [0x00000000eab00000,0x00000000eadfc230,0x00000000eae00000)
  from space 512K, 87% used [0x00000000eae80000,0x00000000eaef0000,0x00000000eaf00000)
  to   space 512K, 0% used [0x00000000eae00000,0x00000000eae00000,0x00000000eae80000)
 ParOldGen       total 460288K, used 460198K [0x00000000c0000000, 0x00000000dc180000, 0x00000000eab00000)
  object space 460288K, 99% used [0x00000000c0000000,0x00000000dc169938,0x00000000dc180000)
 Metaspace       used 61640K, committed 63040K, reserved 1114112K
  class space    used 6372K, committed 6976K, reserved 1048576K
}
Event: 35.964 GC heap after
{Heap after GC invocations=618 (full 3):
 PSYoungGen      total 3584K, used 512K [0x00000000eab00000, 0x00000000eb000000, 0x0000000100000000)
  eden space 3072K, 0% used [0x00000000eab00000,0x00000000eab00000,0x00000000eae00000)
  from space 512K, 100% used [0x00000000eae00000,0x00000000eae80000,0x00000000eae80000)
  to   space 1024K, 0% used [0x00000000eaf00000,0x00000000eaf00000,0x00000000eb000000)
 ParOldGen       total 460800K, used 460510K [0x00000000c0000000, 0x00000000dc200000, 0x00000000eab00000)
  object space 460800K, 99% used [0x00000000c0000000,0x00000000dc1b7938,0x00000000dc200000)
 Metaspace       used 61640K, committed 63040K, reserved 1114112K
  class space    used 6372K, committed 6976K, reserved 1048576K
}
Event: 35.982 GC heap before
{Heap before GC invocations=619 (full 3):
 PSYoungGen      total 3584K, used 3584K [0x00000000eab00000, 0x00000000eb000000, 0x0000000100000000)
  eden space 3072K, 100% used [0x00000000eab00000,0x00000000eae00000,0x00000000eae00000)
  from space 512K, 100% used [0x00000000eae00000,0x00000000eae80000,0x00000000eae80000)
  to   space 1024K, 0% used [0x00000000eaf00000,0x00000000eaf00000,0x00000000eb000000)
 ParOldGen       total 460800K, used 460510K [0x00000000c0000000, 0x00000000dc200000, 0x00000000eab00000)
  object space 460800K, 99% used [0x00000000c0000000,0x00000000dc1b7938,0x00000000dc200000)
 Metaspace       used 61640K, committed 63040K, reserved 1114112K
  class space    used 6372K, committed 6976K, reserved 1048576K
}
Event: 35.985 GC heap after
{Heap after GC invocations=619 (full 3):
 PSYoungGen      total 4096K, used 416K [0x00000000eab00000, 0x00000000eb000000, 0x0000000100000000)
  eden space 3072K, 0% used [0x00000000eab00000,0x00000000eab00000,0x00000000eae00000)
  from space 1024K, 40% used [0x00000000eaf00000,0x00000000eaf68000,0x00000000eb000000)
  to   space 1024K, 0% used [0x00000000eae00000,0x00000000eae00000,0x00000000eaf00000)
 ParOldGen       total 461312K, used 460902K [0x00000000c0000000, 0x00000000dc280000, 0x00000000eab00000)
  object space 461312K, 99% used [0x00000000c0000000,0x00000000dc219938,0x00000000dc280000)
 Metaspace       used 61640K, committed 63040K, reserved 1114112K
  class space    used 6372K, committed 6976K, reserved 1048576K
}
Event: 36.006 GC heap before
{Heap before GC invocations=620 (full 3):
 PSYoungGen      total 4096K, used 3488K [0x00000000eab00000, 0x00000000eb000000, 0x0000000100000000)
  eden space 3072K, 100% used [0x00000000eab00000,0x00000000eae00000,0x00000000eae00000)
  from space 1024K, 40% used [0x00000000eaf00000,0x00000000eaf68000,0x00000000eb000000)
  to   space 1024K, 0% used [0x00000000eae00000,0x00000000eae00000,0x00000000eaf00000)
 ParOldGen       total 461312K, used 460902K [0x00000000c0000000, 0x00000000dc280000, 0x00000000eab00000)
  object space 461312K, 99% used [0x00000000c0000000,0x00000000dc219938,0x00000000dc280000)
 Metaspace       used 61640K, committed 63040K, reserved 1114112K
  class space    used 6372K, committed 6976K, reserved 1048576K
}
Event: 36.010 GC heap after
{Heap after GC invocations=620 (full 3):
 PSYoungGen      total 4096K, used 524K [0x00000000eab00000, 0x00000000eb000000, 0x0000000100000000)
  eden space 3072K, 0% used [0x00000000eab00000,0x00000000eab00000,0x00000000eae00000)
  from space 1024K, 51% used [0x00000000eae00000,0x00000000eae83008,0x00000000eaf00000)
  to   space 1024K, 0% used [0x00000000eaf00000,0x00000000eaf00000,0x00000000eb000000)
 ParOldGen       total 461312K, used 461270K [0x00000000c0000000, 0x00000000dc280000, 0x00000000eab00000)
  object space 461312K, 99% used [0x00000000c0000000,0x00000000dc275938,0x00000000dc280000)
 Metaspace       used 61640K, committed 63040K, reserved 1114112K
  class space    used 6372K, committed 6976K, reserved 1048576K
}
Event: 36.025 GC heap before
{Heap before GC invocations=621 (full 3):
 PSYoungGen      total 4096K, used 3596K [0x00000000eab00000, 0x00000000eb000000, 0x0000000100000000)
  eden space 3072K, 100% used [0x00000000eab00000,0x00000000eae00000,0x00000000eae00000)
  from space 1024K, 51% used [0x00000000eae00000,0x00000000eae83008,0x00000000eaf00000)
  to   space 1024K, 0% used [0x00000000eaf00000,0x00000000eaf00000,0x00000000eb000000)
 ParOldGen       total 461312K, used 461270K [0x00000000c0000000, 0x00000000dc280000, 0x00000000eab00000)
  object space 461312K, 99% used [0x00000000c0000000,0x00000000dc275938,0x00000000dc280000)
 Metaspace       used 61640K, committed 63040K, reserved 1114112K
  class space    used 6372K, committed 6976K, reserved 1048576K
}
Event: 36.028 GC heap after
{Heap after GC invocations=621 (full 3):
 PSYoungGen      total 4096K, used 3596K [0x00000000eab00000, 0x00000000eb000000, 0x0000000100000000)
  eden space 3072K, 100% used [0x00000000eab00000,0x00000000eae00000,0x00000000eae00000)
  from space 1024K, 51% used [0x00000000eae00000,0x00000000eae83008,0x00000000eaf00000)
  to   space 1024K, 56% used [0x00000000eaf00000,0x00000000eaf90000,0x00000000eb000000)
 ParOldGen       total 461824K, used 461626K [0x00000000c0000000, 0x00000000dc300000, 0x00000000eab00000)
  object space 461824K, 99% used [0x00000000c0000000,0x00000000dc2ce940,0x00000000dc300000)
 Metaspace       used 61640K, committed 63040K, reserved 1114112K
  class space    used 6372K, committed 6976K, reserved 1048576K
}
Event: 36.028 GC heap before
{Heap before GC invocations=622 (full 4):
 PSYoungGen      total 4096K, used 3596K [0x00000000eab00000, 0x00000000eb000000, 0x0000000100000000)
  eden space 3072K, 100% used [0x00000000eab00000,0x00000000eae00000,0x00000000eae00000)
  from space 1024K, 51% used [0x00000000eae00000,0x00000000eae83008,0x00000000eaf00000)
  to   space 1024K, 56% used [0x00000000eaf00000,0x00000000eaf90000,0x00000000eb000000)
 ParOldGen       total 461824K, used 461626K [0x00000000c0000000, 0x00000000dc300000, 0x00000000eab00000)
  object space 461824K, 99% used [0x00000000c0000000,0x00000000dc2ce940,0x00000000dc300000)
 Metaspace       used 61640K, committed 63040K, reserved 1114112K
  class space    used 6372K, committed 6976K, reserved 1048576K
}

